<?xml version="1.0" encoding="UTF-8"?>
<!-- Generated by org.testng.reporters.JUnitReportReporter -->
<testsuite skipped="0" hostname="phds-PC" name="com.qa.hubspot.tests.HomePageTests" tests="1" failures="0" timestamp="30 Jan 2019 04:58:43 GMT" time="23.501" errors="0">
  <testcase name="getDealsPageTest" time="23.501" classname="com.qa.hubspot.tests.HomePageTests"/>
</testsuite> <!-- com.qa.hubspot.tests.HomePageTests -->
