<?xml version="1.0" encoding="UTF-8"?>
<!-- Generated by org.testng.reporters.JUnitReportReporter -->
<testsuite skipped="0" hostname="phds-PC" name="com.qa.hubspot.tests.DealsPageTests" tests="1" failures="0" timestamp="30 Jan 2019 20:56:34 GMT" time="19.831" errors="0">
  <testcase name="createNewDealsTest" time="19.831" classname="com.qa.hubspot.tests.DealsPageTests"/>
</testsuite> <!-- com.qa.hubspot.tests.DealsPageTests -->
