<?xml version="1.0" encoding="UTF-8"?>
<!-- Generated by org.testng.reporters.JUnitReportReporter -->
<testsuite skipped="0" hostname="phds-PC" name="com.qa.hubspot.tests.LoginPageTests" tests="1" failures="0" timestamp="27 Jan 2019 02:28:52 GMT" time="12.681" errors="0">
  <testcase name="verifyLoginTitlePage" time="12.681" classname="com.qa.hubspot.tests.LoginPageTests"/>
</testsuite> <!-- com.qa.hubspot.tests.LoginPageTests -->
