<?xml version="1.0" encoding="UTF-8"?>
<!-- Generated by org.testng.reporters.JUnitReportReporter -->
<testsuite skipped="0" hostname="phds-PC" name="com.qa.hubspot.tests.ContactsPageTests" tests="1" failures="0" timestamp="30 Jan 2019 04:31:33 GMT" time="22.506" errors="0">
  <testcase name="createContacsTest" time="22.506" classname="com.qa.hubspot.tests.ContactsPageTests"/>
</testsuite> <!-- com.qa.hubspot.tests.ContactsPageTests -->
